C51 COMPILER V9.60.7.0   MAIN                                                              10/21/2024 21:52:07 PAGE 1   


C51 COMPILER V9.60.7.0, COMPILATION OF MODULE MAIN
OBJECT MODULE PLACED IN .\Objects\main.obj
COMPILER INVOKED BY: C:\hoc\8051\Keil_C_v5\C51\BIN\C51.EXE main.c OMF2 OPTIMIZE(8,SPEED) BROWSE DEBUG PRINT(.\Listings\m
                    -ain.lst) TABS(2) OBJECT(.\Objects\main.obj)

line level    source

   1          #include "main.h"
   2          #include "C:\hoc\8051\bai_tap\Library\Delay\Delay.h"
   3          
   4          // khai bao chan ket noi cua ic 74hc138
   5          sbit LSA=P2^2;
   6          sbit LSB=P2^3;
   7          sbit LSC=P2^4;
   8          
   9          // khai bao chan ket noi cua key pad
  10          sbit COL_1 = P1^0;
  11          sbit COL_2 = P1^1;
  12          sbit COL_3 = P1^2;
  13          sbit COL_4 = P1^3;
  14          
  15          sbit ROW_1 = P1^4;
  16          sbit ROW_2 = P1^5;
  17          sbit ROW_3 = P1^6;
  18          sbit ROW_4 = P1^7;
  19          
  20          unsigned char code DIG_CODE[16] = {
  21              0x3f, 0x06, 0x5b, 0x4f, 0x66, 0x6d, 0x7d, 0x07,
  22              0x7f, 0x6f, 0x77, 0x7c, 0x39, 0x5e, 0x79, 0x71
  23          }; // ma led 7 doan tu 0->9 và tu A->F
  24          
  25          char DisplayData[8]; // mang tao du lieu cua 8 led 7 doan
  26          
  27          void DigDisplay()
  28          {
  29   1        unsigned char i;
  30   1        for(i = 0; i < 8; i++)
  31   1        {
  32   2          switch(i)
  33   2          {
  34   3            case(0):
  35   3                LSA = 0; LSB = 0; LSC = 0; break;
  36   3            case(1):
  37   3                LSA = 1; LSB = 0; LSC = 0; break;
  38   3            case(2):
  39   3                LSA = 0; LSB = 1; LSC = 0; break;
  40   3            case(3):
  41   3                LSA = 1; LSB = 1; LSC = 0; break;
  42   3            case(4):
  43   3                LSA = 0; LSB = 0; LSC = 1; break;
  44   3            case(5):
  45   3                LSA = 1; LSB = 0; LSC = 1; break;
  46   3            case(6):
  47   3                LSA = 0; LSB = 1; LSC = 1; break;
  48   3            case(7):
  49   3                LSA = 1; LSB = 1; LSC = 1; break;
  50   3          }
  51   2          //quet led
  52   2          P0 = DisplayData[i];
  53   2          Delay_ms(1);
  54   2          P0 = 0x00;
C51 COMPILER V9.60.7.0   MAIN                                                              10/21/2024 21:52:07 PAGE 2   

  55   2        }
  56   1      }
  57          
  58          unsigned char KeyPress()
  59          {
  60   1        unsigned char key = 0xFF;  // khoi tao 1 gia tri khong hop le de kiem tra
  61   1        
  62   1        // Kiem tra hang 4
  63   1        ROW_4 = 0;
  64   1        if(COL_4 == 0) key = 0;
  65   1        if(COL_3 == 0) key = 1;
  66   1        if(COL_2 == 0) key = 2;
  67   1        if(COL_1 == 0) key = 3;
  68   1        ROW_4 = 1;
  69   1      
  70   1        // Kiem tra hang 3
  71   1        ROW_3 = 0;
  72   1        if(COL_4 == 0) key = 7;
  73   1        if(COL_3 == 0) key = 6;
  74   1        if(COL_2 == 0) key = 5;
  75   1        if(COL_1 == 0) key = 4;
  76   1        ROW_3 = 1;
  77   1      
  78   1        // Kiem tra hang 4
  79   1        ROW_2 = 0;
  80   1        if(COL_4 == 0) key = 8;
  81   1        if(COL_3 == 0) key = 9;
  82   1        if(COL_2 == 0) key = 10;
  83   1        if(COL_1 == 0) key = 11;
  84   1        ROW_2 = 1;
  85   1      
  86   1        // Kiem tra hang 4
  87   1        ROW_1 = 0;
  88   1        if(COL_4 == 0) key = 15;
  89   1        if(COL_3 == 0) key = 14;
  90   1        if(COL_2 == 0) key = 13;
  91   1        if(COL_1 == 0) key = 12;
  92   1        ROW_1 = 1;
  93   1        
  94   1        return key; 
  95   1      }
  96          
  97          void main()
  98          {
  99   1        unsigned char key, keyState = 0, lastKey = 0xFF;
 100   1        while(1)
 101   1        {
 102   2          key = KeyPress();
 103   2      
 104   2          // Kiem tra xem phím có duoc nhan và nha không lan dau tien
 105   2          if(key != 0xFF && lastKey == 0xFF)
 106   2          {
 107   3            keyState = 1;  // Ðánh dau phím dã duoc nhan
 108   3          }
 109   2          else if(key == 0xFF && lastKey != 0xFF)
 110   2          {
 111   3            keyState = 0;  // Ðánh dau rang phím dã duoc nha
 112   3            // Cap nhat so sau khi phím dã nha
 113   3            DisplayData[7] = DisplayData[6];
 114   3            DisplayData[6] = DisplayData[5];
 115   3            DisplayData[5] = DisplayData[4];
 116   3            DisplayData[4] = DisplayData[3];
C51 COMPILER V9.60.7.0   MAIN                                                              10/21/2024 21:52:07 PAGE 3   

 117   3            DisplayData[3] = DisplayData[2];
 118   3            DisplayData[2] = DisplayData[1];
 119   3            DisplayData[1] = DisplayData[0];
 120   3            DisplayData[0] = DIG_CODE[lastKey];
 121   3          }
 122   2          lastKey = key; // Cap nhat trang thái phím cuoi cùng
 123   2          DigDisplay(); // hien thi du lieu lên màn hình
 124   2        }
 125   1      }
 126            


MODULE INFORMATION:   STATIC OVERLAYABLE
   CODE SIZE        =    290    ----
   CONSTANT SIZE    =     16    ----
   XDATA SIZE       =   ----    ----
   PDATA SIZE       =   ----    ----
   DATA SIZE        =      8       4
   IDATA SIZE       =   ----    ----
   BIT SIZE         =   ----    ----
   EDATA SIZE       =   ----    ----
   HDATA SIZE       =   ----    ----
   XDATA CONST SIZE =   ----    ----
   FAR CONST SIZE   =   ----    ----
END OF MODULE INFORMATION.


C51 COMPILATION COMPLETE.  0 WARNING(S),  0 ERROR(S)
