C51 COMPILER V9.60.7.0   DELAY                                                             09/22/2024 18:07:51 PAGE 1   


C51 COMPILER V9.60.7.0, COMPILATION OF MODULE DELAY
OBJECT MODULE PLACED IN .\Objects\Delay.obj
COMPILER INVOKED BY: C:\hoc\8051\Keil_C_v5\C51\BIN\C51.EXE ..\MyLib\Delay_ms\Delay.c OPTIMIZE(8,SPEED) BROWSE DEBUG OBJE
                    -CTEXTEND PRINT(.\Listings\Delay.lst) TABS(2) OBJECT(.\Objects\Delay.obj)

line level    source

   1          #include "C:\AIOT\kit 8051 pro\MyLib\Delay_ms\Delay.h"
   2          
   3          #include "Delay.h"
   4          #include "main.h"
   5          
   6          // su dung Delay voi thach anh 12Mhz
   7          #if (FREQ_OSC == 12000000)
                void Delay_ms(unsigned int t)
                {
                  unsigned int x, y;
                  for(x=0; x<t; x++)
                  {
                    for(y=0; y<123; y++);
                  }
                }
              
              // su dung Delay voi thach anh 11.0592Mhz
              #elif (FREQ_OSC == 11059200)
  19            void Delay_ms(unsigned int t)
  20            {
  21   1          unsigned int x, y;
  22   1          for(x=0; x<t; x++)
  23   1          {
  24   2            for(y=0; y<113; y++);
  25   2          }
  26   1        }
  27          
  28          //su dung Delay voi thach anh 8Mhz
  29          #elif (FREQ_OSC == 8000000)
                void Delay_ms(unsigned int t)
                {
                  unsigned int x, y;
                  for(x=0; x<t; x++)
                  {
                    for(y=0; y<218; y++);
                  }
                }
              
              //su dung Delay voi thach anh 4Mhz
              #elif (FREQ_OSC == 4000000)
                void Delay_ms(unsigned int t)
                {
                  unsigned int x, y;
                  for(x=0; x<t; x++)
                  {
                    for(y=0; y<106; y++);
                  }
                }
              
              #else
                #error "Khong co ham Delay_ms voi tan so tuong ung"
                
              #endif

C51 COMPILER V9.60.7.0   DELAY                                                             09/22/2024 18:07:51 PAGE 2   


MODULE INFORMATION:   STATIC OVERLAYABLE
   CODE SIZE        =     32    ----
   CONSTANT SIZE    =   ----    ----
   XDATA SIZE       =   ----    ----
   PDATA SIZE       =   ----    ----
   DATA SIZE        =   ----    ----
   IDATA SIZE       =   ----    ----
   BIT SIZE         =   ----    ----
END OF MODULE INFORMATION.


C51 COMPILATION COMPLETE.  0 WARNING(S),  0 ERROR(S)
