C51 COMPILER V9.60.7.0   MAIN                                                              09/22/2024 18:07:51 PAGE 1   


C51 COMPILER V9.60.7.0, COMPILATION OF MODULE MAIN
OBJECT MODULE PLACED IN .\Objects\main.obj
COMPILER INVOKED BY: C:\hoc\8051\Keil_C_v5\C51\BIN\C51.EXE main.c OPTIMIZE(8,SPEED) BROWSE DEBUG OBJECTEXTEND PRINT(.\Li
                    -stings\main.lst) TABS(2) OBJECT(.\Objects\main.obj)

line level    source

   1          #include <REGX52.H>
   2          #include "C:\AIOT\kit 8051 pro\MyLib\Delay_ms\Delay.h"
   3          
   4          void main()
   5          {
   6   1        unsigned char i;
   7   1        while(1)
   8   1        {
   9   2          // chop tat led o port 2
  10   2          for(i=0; i<10; i++)
  11   2          {
  12   3            P2 = ~P2;
  13   3            Delay_ms(500);    
  14   3          }
  15   2          
  16   2          // sang dan tung led
  17   2          for(i=0; i<8; i++)  
  18   2          {
  19   3            P2 <<= 1;
  20   3            P2 &= 0xFE;
  21   3            Delay_ms(500);
  22   3          }
  23   2          // tat dan tung led
  24   2          for(i =0 ; i<8 ;i++)
  25   2          {
  26   3            P2 >>= 1;
  27   3            P2 |= 0x80;
  28   3            Delay_ms(500);
  29   3          }
  30   2      //    0000 0000
  31   2      //    1000 0000
  32   2      //    1000 0000
  33   2      //    
  34   2      //    0100 0000
  35   2      //    1000 0000
  36   2      //    1100 0000
  37   2      //    
  38   2      //    0110 0000
  39   2      //    1000 0000
  40   2      //    
  41   2      //    1110 0000
  42   2        }
  43   1      }


MODULE INFORMATION:   STATIC OVERLAYABLE
   CODE SIZE        =     80    ----
   CONSTANT SIZE    =   ----    ----
   XDATA SIZE       =   ----    ----
   PDATA SIZE       =   ----    ----
   DATA SIZE        =   ----       1
   IDATA SIZE       =   ----    ----
   BIT SIZE         =   ----    ----
END OF MODULE INFORMATION.

C51 COMPILER V9.60.7.0   MAIN                                                              09/22/2024 18:07:51 PAGE 2   


C51 COMPILATION COMPLETE.  0 WARNING(S),  0 ERROR(S)
