[08:33:53.395 18720 INFO] LogLevel=0
[08:33:53.395 18720 INFO] Program Start!!!
[08:36:54.287 7852 INFO] LogLevel=0
[08:36:54.287 7852 INFO] Program Start!!!
[08:42:43.357 8832 INFO] LogLevel=0
[08:42:43.357 8832 INFO] Program Start!!!
[10:23:54.751 12924 INFO] LogLevel=0
[10:23:54.751 12924 INFO] Program Start!!!
[11:37:29.032 14788 TRACE] 未读记录数为:384
[11:37:30.138 14788 TRACE] 开始读取 Successful!
[11:37:30.138 14788 TRACE] 循环读取记录 Successful!
[11:37:30.138 14788 TRACE] 开始保存数据库
[11:37:30.138 14788 TRACE] 循环读取记录 Successful!
[11:37:30.138 14788 TRACE] 开始保存数据库
[11:37:30.138 14788 TRACE] 循环读取记录 Successful!
[11:37:30.138 14788 TRACE] 开始保存数据库
[11:37:30.138 14788 TRACE] 循环读取记录 Successful!
[11:37:30.138 14788 TRACE] 开始保存数据库
[11:37:30.138 14788 TRACE] 循环读取记录 Successful!
[11:37:30.138 14788 TRACE] 开始保存数据库
[11:37:30.138 14788 TRACE] 循环读取记录 Successful!
[11:37:30.138 14788 TRACE] 开始保存数据库
[11:37:30.138 14788 TRACE] 循环读取记录 Successful!
[11:37:30.138 14788 TRACE] 开始保存数据库
[11:37:30.153 14788 TRACE] 循环读取记录 Successful!
[11:37:30.153 14788 TRACE] 开始保存数据库
[11:37:30.153 14788 TRACE] 循环读取记录 Successful!
[11:37:30.153 14788 TRACE] 开始保存数据库
[11:37:30.153 14788 TRACE] 循环读取记录 Successful!
[11:37:30.153 14788 TRACE] 开始保存数据库
[11:37:30.153 14788 TRACE] 循环读取记录 Successful!
[11:37:30.153 14788 TRACE] 开始保存数据库
[11:37:30.153 14788 TRACE] 循环读取记录 Successful!
[11:37:30.153 14788 TRACE] 开始保存数据库
[11:37:30.153 14788 TRACE] 循环读取记录 Successful!
[11:37:30.153 14788 TRACE] 开始保存数据库
[11:37:30.153 14788 TRACE] 循环读取记录 Successful!
[11:37:30.153 14788 TRACE] 开始保存数据库
[11:37:30.153 14788 TRACE] 循环读取记录 Successful!
[11:37:30.153 14788 TRACE] 开始保存数据库
[11:37:30.153 14788 TRACE] 循环读取记录 Successful!
[11:37:30.153 14788 TRACE] 开始保存数据库
[11:37:30.153 14788 TRACE] 循环读取记录 Successful!
[11:37:30.153 14788 TRACE] 开始保存数据库
[11:37:30.153 14788 TRACE] 循环读取记录 Successful!
[11:37:30.153 14788 TRACE] 开始保存数据库
[11:37:30.153 14788 TRACE] 循环读取记录 Successful!
[11:37:30.153 14788 TRACE] 开始保存数据库
[11:37:30.153 14788 TRACE] 循环读取记录 Successful!
[11:37:30.153 14788 TRACE] 开始保存数据库
[11:37:30.153 14788 TRACE] 循环读取记录 Successful!
[11:37:30.153 14788 TRACE] 开始保存数据库
[11:37:30.153 14788 TRACE] 循环读取记录 Successful!
[11:37:30.153 14788 TRACE] 开始保存数据库
[11:37:30.153 14788 TRACE] 循环读取记录 Successful!
[11:37:30.153 14788 TRACE] 开始保存数据库
[11:37:30.153 14788 TRACE] 循环读取记录 Successful!
[11:37:30.153 14788 TRACE] 开始保存数据库
[11:37:30.153 14788 TRACE] 循环读取记录 Successful!
[11:37:30.153 14788 TRACE] 开始保存数据库
[11:37:30.153 14788 TRACE] 循环读取记录 Successful!
[11:37:30.153 14788 TRACE] 开始保存数据库
[11:37:30.169 14788 TRACE] 循环读取记录 Successful!
[11:37:30.169 14788 TRACE] 开始保存数据库
[11:37:30.169 14788 TRACE] 循环读取记录 Successful!
[11:37:30.169 14788 TRACE] 开始保存数据库
[11:37:30.169 14788 TRACE] 循环读取记录 Successful!
[11:37:30.169 14788 TRACE] 开始保存数据库
[11:37:30.169 14788 TRACE] 循环读取记录 Successful!
[11:37:30.169 14788 TRACE] 开始保存数据库
[11:37:30.169 14788 TRACE] 循环读取记录 Successful!
[11:37:30.169 14788 TRACE] 开始保存数据库
[11:37:30.169 14788 TRACE] 循环读取记录 Successful!
[11:37:30.169 14788 TRACE] 开始保存数据库
[11:37:30.169 14788 TRACE] 循环读取记录 Successful!
[11:37:30.169 14788 TRACE] 开始保存数据库
[11:37:30.169 14788 TRACE] 循环读取记录 Successful!
[11:37:30.169 14788 TRACE] 开始保存数据库
[11:37:30.169 14788 TRACE] 循环读取记录 Successful!
[11:37:30.169 14788 TRACE] 开始保存数据库
[11:37:30.169 14788 TRACE] 循环读取记录 Successful!
[11:37:30.169 14788 TRACE] 开始保存数据库
[11:37:30.169 14788 TRACE] 循环读取记录 Successful!
[11:37:30.169 14788 TRACE] 开始保存数据库
[11:37:30.169 14788 TRACE] 循环读取记录 Successful!
[11:37:30.169 14788 TRACE] 开始保存数据库
[11:37:30.169 14788 TRACE] 循环读取记录 Successful!
[11:37:30.169 14788 TRACE] 开始保存数据库
[11:37:30.169 14788 TRACE] 循环读取记录 Successful!
[11:37:30.169 14788 TRACE] 开始保存数据库
[11:37:30.169 14788 TRACE] 循环读取记录 Successful!
[11:37:30.169 14788 TRACE] 开始保存数据库
[11:37:30.169 14788 TRACE] 循环读取记录 Successful!
[11:37:30.169 14788 TRACE] 开始保存数据库
[11:37:30.169 14788 TRACE] 循环读取记录 Successful!
[11:37:30.169 14788 TRACE] 开始保存数据库
[11:37:30.169 14788 TRACE] 循环读取记录 Successful!
[11:37:30.169 14788 TRACE] 开始保存数据库
[11:37:30.169 14788 TRACE] 循环读取记录 Successful!
[11:37:30.185 14788 TRACE] 开始保存数据库
[11:37:30.185 14788 TRACE] 循环读取记录 Successful!
[11:37:30.185 14788 TRACE] 开始保存数据库
[11:37:30.185 14788 TRACE] 循环读取记录 Successful!
[11:37:30.185 14788 TRACE] 开始保存数据库
[11:37:30.185 14788 TRACE] 循环读取记录 Successful!
[11:37:30.185 14788 TRACE] 开始保存数据库
[11:37:30.185 14788 TRACE] 循环读取记录 Successful!
[11:37:30.185 14788 TRACE] 开始保存数据库
[11:37:30.185 14788 TRACE] 循环读取记录 Successful!
[11:37:30.185 14788 TRACE] 开始保存数据库
[11:37:30.185 14788 TRACE] 循环读取记录 Successful!
[11:37:30.185 14788 TRACE] 开始保存数据库
[11:37:30.185 14788 TRACE] 循环读取记录 Successful!
[11:37:30.185 14788 TRACE] 开始保存数据库
[11:37:30.185 14788 TRACE] 循环读取记录 Successful!
[11:37:30.185 14788 TRACE] 开始保存数据库
[11:37:30.185 14788 TRACE] 循环读取记录 Successful!
[11:37:30.185 14788 TRACE] 开始保存数据库
[11:37:30.185 14788 TRACE] 循环读取记录 Successful!
[11:37:30.185 14788 TRACE] 开始保存数据库
[11:37:30.185 14788 TRACE] 循环读取记录 Successful!
[11:37:30.185 14788 TRACE] 开始保存数据库
[11:37:30.185 14788 TRACE] 循环读取记录 Successful!
[11:37:30.185 14788 TRACE] 开始保存数据库
[11:37:30.185 14788 TRACE] 循环读取记录 Successful!
[11:37:30.185 14788 TRACE] 开始保存数据库
[11:37:30.185 14788 TRACE] 循环读取记录 Successful!
[11:37:30.185 14788 TRACE] 开始保存数据库
[11:37:30.185 14788 TRACE] 循环读取记录 Successful!
[11:37:30.185 14788 TRACE] 开始保存数据库
[11:37:30.185 14788 TRACE] 循环读取记录 Successful!
[11:37:30.185 14788 TRACE] 开始保存数据库
[11:37:30.185 14788 TRACE] 循环读取记录 Successful!
[11:37:30.185 14788 TRACE] 开始保存数据库
[11:37:30.200 14788 TRACE] 循环读取记录 Successful!
[11:37:30.200 14788 TRACE] 开始保存数据库
[11:37:30.200 14788 TRACE] 循环读取记录 Successful!
[11:37:30.200 14788 TRACE] 开始保存数据库
[11:37:30.200 14788 TRACE] 循环读取记录 Successful!
[11:37:30.200 14788 TRACE] 开始保存数据库
[11:37:30.200 14788 TRACE] 循环读取记录 Successful!
[11:37:30.200 14788 TRACE] 开始保存数据库
[11:37:30.200 14788 TRACE] 循环读取记录 Successful!
[11:37:30.200 14788 TRACE] 开始保存数据库
[11:37:30.200 14788 TRACE] 循环读取记录 Successful!
[11:37:30.200 14788 TRACE] 开始保存数据库
[11:37:30.200 14788 TRACE] 循环读取记录 Successful!
[11:37:30.200 14788 TRACE] 开始保存数据库
[11:37:30.200 14788 TRACE] 循环读取记录 Successful!
[11:37:30.200 14788 TRACE] 开始保存数据库
[11:37:30.200 14788 TRACE] 循环读取记录 Successful!
[11:37:30.200 14788 TRACE] 开始保存数据库
[11:37:30.200 14788 TRACE] 循环读取记录 Successful!
[11:37:30.200 14788 TRACE] 开始保存数据库
[11:37:30.200 14788 TRACE] 循环读取记录 Successful!
[11:37:30.200 14788 TRACE] 开始保存数据库
[11:37:30.200 14788 TRACE] 循环读取记录 Successful!
[11:37:30.200 14788 TRACE] 开始保存数据库
[11:37:30.200 14788 TRACE] 循环读取记录 Successful!
[11:37:30.200 14788 TRACE] 开始保存数据库
[11:37:30.200 14788 TRACE] 循环读取记录 Successful!
[11:37:30.200 14788 TRACE] 开始保存数据库
[11:37:30.200 14788 TRACE] 循环读取记录 Successful!
[11:37:30.200 14788 TRACE] 开始保存数据库
[11:37:30.200 14788 TRACE] 循环读取记录 Successful!
[11:37:30.200 14788 TRACE] 开始保存数据库
[11:37:30.200 14788 TRACE] 循环读取记录 Successful!
[11:37:30.200 14788 TRACE] 开始保存数据库
[11:37:30.200 14788 TRACE] 循环读取记录 Successful!
[11:37:30.200 14788 TRACE] 开始保存数据库
[11:37:30.200 14788 TRACE] 循环读取记录 Successful!
[11:37:30.200 14788 TRACE] 开始保存数据库
[11:37:30.216 14788 TRACE] 循环读取记录 Successful!
[11:37:30.216 14788 TRACE] 开始保存数据库
[11:37:30.216 14788 TRACE] 循环读取记录 Successful!
[11:37:30.216 14788 TRACE] 开始保存数据库
[11:37:30.216 14788 TRACE] 循环读取记录 Successful!
[11:37:30.216 14788 TRACE] 开始保存数据库
[11:37:30.216 14788 TRACE] 循环读取记录 Successful!
[11:37:30.216 14788 TRACE] 开始保存数据库
[11:37:30.216 14788 TRACE] 循环读取记录 Successful!
[11:37:30.216 14788 TRACE] 开始保存数据库
[11:37:30.216 14788 TRACE] 循环读取记录 Successful!
[11:37:30.216 14788 TRACE] 开始保存数据库
[11:37:30.216 14788 TRACE] 循环读取记录 Successful!
[11:37:30.216 14788 TRACE] 开始保存数据库
[11:37:30.216 14788 TRACE] 循环读取记录 Successful!
[11:37:30.216 14788 TRACE] 开始保存数据库
[11:37:30.216 14788 TRACE] 循环读取记录 Successful!
[11:37:30.216 14788 TRACE] 开始保存数据库
[11:37:30.216 14788 TRACE] 循环读取记录 Successful!
[11:37:30.216 14788 TRACE] 开始保存数据库
[11:37:30.216 14788 TRACE] 循环读取记录 Successful!
[11:37:30.216 14788 TRACE] 开始保存数据库
[11:37:30.216 14788 TRACE] 循环读取记录 Successful!
[11:37:30.216 14788 TRACE] 开始保存数据库
[11:37:30.216 14788 TRACE] 循环读取记录 Successful!
[11:37:30.216 14788 TRACE] 开始保存数据库
[11:37:30.216 14788 TRACE] 循环读取记录 Successful!
[11:37:30.216 14788 TRACE] 开始保存数据库
[11:37:30.216 14788 TRACE] 循环读取记录 Successful!
[11:37:30.216 14788 TRACE] 开始保存数据库
[11:37:30.216 14788 TRACE] 循环读取记录 Successful!
[11:37:30.216 14788 TRACE] 开始保存数据库
[11:37:30.216 14788 TRACE] 循环读取记录 Successful!
[11:37:30.216 14788 TRACE] 开始保存数据库
[11:37:30.216 14788 TRACE] 循环读取记录 Successful!
[11:37:30.216 14788 TRACE] 开始保存数据库
[11:37:30.231 14788 TRACE] 循环读取记录 Successful!
[11:37:30.231 14788 TRACE] 开始保存数据库
[11:37:30.231 14788 TRACE] 循环读取记录 Successful!
[11:37:30.231 14788 TRACE] 开始保存数据库
[11:37:30.231 14788 TRACE] 循环读取记录 Successful!
[11:37:30.231 14788 TRACE] 开始保存数据库
[11:37:30.231 14788 TRACE] 循环读取记录 Successful!
[11:37:30.231 14788 TRACE] 开始保存数据库
[11:37:30.231 14788 TRACE] 循环读取记录 Successful!
[11:37:30.231 14788 TRACE] 开始保存数据库
[11:37:30.231 14788 TRACE] 循环读取记录 Successful!
[11:37:30.231 14788 TRACE] 开始保存数据库
[11:37:30.231 14788 TRACE] 循环读取记录 Successful!
[11:37:30.231 14788 TRACE] 开始保存数据库
[11:37:30.231 14788 TRACE] 循环读取记录 Successful!
[11:37:30.231 14788 TRACE] 开始保存数据库
[11:37:30.231 14788 TRACE] 循环读取记录 Successful!
[11:37:30.231 14788 TRACE] 开始保存数据库
[11:37:30.231 14788 TRACE] 循环读取记录 Successful!
[11:37:30.231 14788 TRACE] 开始保存数据库
[11:37:30.231 14788 TRACE] 循环读取记录 Successful!
[11:37:30.231 14788 TRACE] 开始保存数据库
[11:37:30.231 14788 TRACE] 循环读取记录 Successful!
[11:37:30.231 14788 TRACE] 开始保存数据库
[11:37:30.231 14788 TRACE] 循环读取记录 Successful!
[11:37:30.231 14788 TRACE] 开始保存数据库
[11:37:30.231 14788 TRACE] 循环读取记录 Successful!
[11:37:30.231 14788 TRACE] 开始保存数据库
[11:37:30.231 14788 TRACE] 循环读取记录 Successful!
[11:37:30.231 14788 TRACE] 开始保存数据库
[11:37:30.231 14788 TRACE] 循环读取记录 Successful!
[11:37:30.231 14788 TRACE] 开始保存数据库
[11:37:30.231 14788 TRACE] 循环读取记录 Successful!
[11:37:30.231 14788 TRACE] 开始保存数据库
[11:37:30.231 14788 TRACE] 循环读取记录 Successful!
[11:37:30.231 14788 TRACE] 开始保存数据库
[11:37:30.247 14788 TRACE] 循环读取记录 Successful!
[11:37:30.247 14788 TRACE] 开始保存数据库
[11:37:30.247 14788 TRACE] 循环读取记录 Successful!
[11:37:30.247 14788 TRACE] 开始保存数据库
[11:37:30.247 14788 TRACE] 循环读取记录 Successful!
[11:37:30.247 14788 TRACE] 开始保存数据库
[11:37:30.247 14788 TRACE] 循环读取记录 Successful!
[11:37:30.247 14788 TRACE] 开始保存数据库
[11:37:30.247 14788 TRACE] 循环读取记录 Successful!
[11:37:30.247 14788 TRACE] 开始保存数据库
[11:37:30.247 14788 TRACE] 循环读取记录 Successful!
[11:37:30.247 14788 TRACE] 开始保存数据库
[11:37:30.247 14788 TRACE] 循环读取记录 Successful!
[11:37:30.247 14788 TRACE] 开始保存数据库
[11:37:30.247 14788 TRACE] 循环读取记录 Successful!
[11:37:30.247 14788 TRACE] 开始保存数据库
[11:37:30.247 14788 TRACE] 循环读取记录 Successful!
[11:37:30.247 14788 TRACE] 开始保存数据库
[11:37:30.247 14788 TRACE] 循环读取记录 Successful!
[11:37:30.247 14788 TRACE] 开始保存数据库
[11:37:30.247 14788 TRACE] 循环读取记录 Successful!
[11:37:30.247 14788 TRACE] 开始保存数据库
[11:37:30.247 14788 TRACE] 循环读取记录 Successful!
[11:37:30.247 14788 TRACE] 开始保存数据库
[11:37:30.247 14788 TRACE] 循环读取记录 Successful!
[11:37:30.247 14788 TRACE] 开始保存数据库
[11:37:30.247 14788 TRACE] 循环读取记录 Successful!
[11:37:30.247 14788 TRACE] 开始保存数据库
[11:37:30.247 14788 TRACE] 循环读取记录 Successful!
[11:37:30.247 14788 TRACE] 开始保存数据库
[11:37:30.247 14788 TRACE] 循环读取记录 Successful!
[11:37:30.247 14788 TRACE] 开始保存数据库
[11:37:30.247 14788 TRACE] 循环读取记录 Successful!
[11:37:30.247 14788 TRACE] 开始保存数据库
[11:37:30.263 14788 TRACE] 循环读取记录 Successful!
[11:37:30.263 14788 TRACE] 开始保存数据库
[11:37:30.263 14788 TRACE] 循环读取记录 Successful!
[11:37:30.263 14788 TRACE] 开始保存数据库
[11:37:30.263 14788 TRACE] 循环读取记录 Successful!
[11:37:30.263 14788 TRACE] 开始保存数据库
[11:37:30.263 14788 TRACE] 循环读取记录 Successful!
[11:37:30.263 14788 TRACE] 开始保存数据库
[11:37:30.263 14788 TRACE] 循环读取记录 Successful!
[11:37:30.263 14788 TRACE] 开始保存数据库
[11:37:30.263 14788 TRACE] 循环读取记录 Successful!
[11:37:30.263 14788 TRACE] 开始保存数据库
[11:37:30.263 14788 TRACE] 循环读取记录 Successful!
[11:37:30.263 14788 TRACE] 开始保存数据库
[11:37:30.263 14788 TRACE] 循环读取记录 Successful!
[11:37:30.263 14788 TRACE] 开始保存数据库
[11:37:30.263 14788 TRACE] 循环读取记录 Successful!
[11:37:30.263 14788 TRACE] 开始保存数据库
[11:37:30.263 14788 TRACE] 循环读取记录 Successful!
[11:37:30.263 14788 TRACE] 开始保存数据库
[11:37:30.263 14788 TRACE] 循环读取记录 Successful!
[11:37:30.263 14788 TRACE] 开始保存数据库
[11:37:30.263 14788 TRACE] 循环读取记录 Successful!
[11:37:30.263 14788 TRACE] 开始保存数据库
[11:37:30.263 14788 TRACE] 循环读取记录 Successful!
[11:37:30.263 14788 TRACE] 开始保存数据库
[11:37:30.263 14788 TRACE] 循环读取记录 Successful!
[11:37:30.263 14788 TRACE] 开始保存数据库
[11:37:30.263 14788 TRACE] 循环读取记录 Successful!
[11:37:30.263 14788 TRACE] 开始保存数据库
[11:37:30.263 14788 TRACE] 循环读取记录 Successful!
[11:37:30.263 14788 TRACE] 开始保存数据库
[11:37:30.263 14788 TRACE] 循环读取记录 Successful!
[11:37:30.263 14788 TRACE] 开始保存数据库
[11:37:30.263 14788 TRACE] 循环读取记录 Successful!
[11:37:30.263 14788 TRACE] 开始保存数据库
[11:37:30.263 14788 TRACE] 循环读取记录 Successful!
[11:37:30.263 14788 TRACE] 开始保存数据库
[11:37:30.278 14788 TRACE] 循环读取记录 Successful!
[11:37:30.278 14788 TRACE] 开始保存数据库
[11:37:30.278 14788 TRACE] 循环读取记录 Successful!
[11:37:30.278 14788 TRACE] 开始保存数据库
[11:37:30.278 14788 TRACE] 循环读取记录 Successful!
[11:37:30.278 14788 TRACE] 开始保存数据库
[11:37:30.278 14788 TRACE] 循环读取记录 Successful!
[11:37:30.278 14788 TRACE] 开始保存数据库
[11:37:30.278 14788 TRACE] 循环读取记录 Successful!
[11:37:30.278 14788 TRACE] 开始保存数据库
[11:37:30.278 14788 TRACE] 循环读取记录 Successful!
[11:37:30.278 14788 TRACE] 开始保存数据库
[11:37:30.278 14788 TRACE] 循环读取记录 Successful!
[11:37:30.278 14788 TRACE] 开始保存数据库
[11:37:30.278 14788 TRACE] 循环读取记录 Successful!
[11:37:30.278 14788 TRACE] 开始保存数据库
[11:37:30.278 14788 TRACE] 循环读取记录 Successful!
[11:37:30.278 14788 TRACE] 开始保存数据库
[11:37:30.278 14788 TRACE] 循环读取记录 Successful!
[11:37:30.278 14788 TRACE] 开始保存数据库
[11:37:30.278 14788 TRACE] 循环读取记录 Successful!
[11:37:30.278 14788 TRACE] 开始保存数据库
[11:37:30.278 14788 TRACE] 循环读取记录 Successful!
[11:37:30.278 14788 TRACE] 开始保存数据库
[11:37:30.278 14788 TRACE] 循环读取记录 Successful!
[11:37:30.278 14788 TRACE] 开始保存数据库
[11:37:30.278 14788 TRACE] 循环读取记录 Successful!
[11:37:30.278 14788 TRACE] 开始保存数据库
[11:37:30.278 14788 TRACE] 循环读取记录 Successful!
[11:37:30.278 14788 TRACE] 开始保存数据库
[11:37:30.278 14788 TRACE] 循环读取记录 Successful!
[11:37:30.278 14788 TRACE] 开始保存数据库
[11:37:30.278 14788 TRACE] 循环读取记录 Successful!
[11:37:30.278 14788 TRACE] 开始保存数据库
[11:37:30.294 14788 TRACE] 循环读取记录 Successful!
[11:37:30.294 14788 TRACE] 开始保存数据库
[11:37:30.294 14788 TRACE] 循环读取记录 Successful!
[11:37:30.294 14788 TRACE] 开始保存数据库
[11:37:30.294 14788 TRACE] 循环读取记录 Successful!
[11:37:30.294 14788 TRACE] 开始保存数据库
[11:37:30.294 14788 TRACE] 循环读取记录 Successful!
[11:37:30.294 14788 TRACE] 开始保存数据库
[11:37:30.294 14788 TRACE] 循环读取记录 Successful!
[11:37:30.294 14788 TRACE] 开始保存数据库
[11:37:30.294 14788 TRACE] 循环读取记录 Successful!
[11:37:30.294 14788 TRACE] 开始保存数据库
[11:37:30.294 14788 TRACE] 循环读取记录 Successful!
[11:37:30.294 14788 TRACE] 开始保存数据库
[11:37:30.294 14788 TRACE] 循环读取记录 Successful!
[11:37:30.294 14788 TRACE] 开始保存数据库
[11:37:30.294 14788 TRACE] 循环读取记录 Successful!
[11:37:30.294 14788 TRACE] 开始保存数据库
[11:37:30.294 14788 TRACE] 循环读取记录 Successful!
[11:37:30.294 14788 TRACE] 开始保存数据库
[11:37:30.294 14788 TRACE] 循环读取记录 Successful!
[11:37:30.294 14788 TRACE] 开始保存数据库
[11:37:30.294 14788 TRACE] 循环读取记录 Successful!
[11:37:30.294 14788 TRACE] 开始保存数据库
[11:37:30.294 14788 TRACE] 循环读取记录 Successful!
[11:37:30.294 14788 TRACE] 开始保存数据库
[11:37:30.294 14788 TRACE] 循环读取记录 Successful!
[11:37:30.294 14788 TRACE] 开始保存数据库
[11:37:30.294 14788 TRACE] 循环读取记录 Successful!
[11:37:30.294 14788 TRACE] 开始保存数据库
[11:37:30.294 14788 TRACE] 循环读取记录 Successful!
[11:37:30.294 14788 TRACE] 开始保存数据库
[11:37:30.294 14788 TRACE] 循环读取记录 Successful!
[11:37:30.294 14788 TRACE] 开始保存数据库
[11:37:30.294 14788 TRACE] 循环读取记录 Successful!
[11:37:30.294 14788 TRACE] 开始保存数据库
[11:37:30.310 14788 TRACE] 循环读取记录 Successful!
[11:37:30.310 14788 TRACE] 开始保存数据库
[11:37:30.310 14788 TRACE] 循环读取记录 Successful!
[11:37:30.310 14788 TRACE] 开始保存数据库
[11:37:30.310 14788 TRACE] 循环读取记录 Successful!
[11:37:30.310 14788 TRACE] 开始保存数据库
[11:37:30.310 14788 TRACE] 循环读取记录 Successful!
[11:37:30.310 14788 TRACE] 开始保存数据库
[11:37:30.310 14788 TRACE] 循环读取记录 Successful!
[11:37:30.310 14788 TRACE] 开始保存数据库
[11:37:30.310 14788 TRACE] 循环读取记录 Successful!
[11:37:30.310 14788 TRACE] 开始保存数据库
[11:37:30.310 14788 TRACE] 循环读取记录 Successful!
[11:37:30.310 14788 TRACE] 开始保存数据库
[11:37:30.310 14788 TRACE] 循环读取记录 Successful!
[11:37:30.310 14788 TRACE] 开始保存数据库
[11:37:30.310 14788 TRACE] 循环读取记录 Successful!
[11:37:30.310 14788 TRACE] 开始保存数据库
[11:37:30.310 14788 TRACE] 循环读取记录 Successful!
[11:37:30.310 14788 TRACE] 开始保存数据库
[11:37:30.310 14788 TRACE] 循环读取记录 Successful!
[11:37:30.310 14788 TRACE] 开始保存数据库
[11:37:30.310 14788 TRACE] 循环读取记录 Successful!
[11:37:30.310 14788 TRACE] 开始保存数据库
[11:37:30.310 14788 TRACE] 循环读取记录 Successful!
[11:37:30.310 14788 TRACE] 开始保存数据库
[11:37:30.310 14788 TRACE] 循环读取记录 Successful!
[11:37:30.310 14788 TRACE] 开始保存数据库
[11:37:30.310 14788 TRACE] 循环读取记录 Successful!
[11:37:30.310 14788 TRACE] 开始保存数据库
[11:37:30.310 14788 TRACE] 循环读取记录 Successful!
[11:37:30.310 14788 TRACE] 开始保存数据库
[11:37:30.310 14788 TRACE] 循环读取记录 Successful!
[11:37:30.310 14788 TRACE] 开始保存数据库
[11:37:30.310 14788 TRACE] 循环读取记录 Successful!
[11:37:30.310 14788 TRACE] 开始保存数据库
[11:37:30.325 14788 TRACE] 循环读取记录 Successful!
[11:37:30.325 14788 TRACE] 开始保存数据库
[11:37:30.325 14788 TRACE] 循环读取记录 Successful!
[11:37:30.325 14788 TRACE] 开始保存数据库
[11:37:30.325 14788 TRACE] 循环读取记录 Successful!
[11:37:30.325 14788 TRACE] 开始保存数据库
[11:37:30.325 14788 TRACE] 循环读取记录 Successful!
[11:37:30.325 14788 TRACE] 开始保存数据库
[11:37:30.325 14788 TRACE] 循环读取记录 Successful!
[11:37:30.325 14788 TRACE] 开始保存数据库
[11:37:30.325 14788 TRACE] 循环读取记录 Successful!
[11:37:30.325 14788 TRACE] 开始保存数据库
[11:37:30.325 14788 TRACE] 循环读取记录 Successful!
[11:37:30.325 14788 TRACE] 开始保存数据库
[11:37:30.325 14788 TRACE] 循环读取记录 Successful!
[11:37:30.325 14788 TRACE] 开始保存数据库
[11:37:30.325 14788 TRACE] 循环读取记录 Successful!
[11:37:30.325 14788 TRACE] 开始保存数据库
[11:37:30.325 14788 TRACE] 循环读取记录 Successful!
[11:37:30.325 14788 TRACE] 开始保存数据库
[11:37:30.325 14788 TRACE] 循环读取记录 Successful!
[11:37:30.325 14788 TRACE] 开始保存数据库
[11:37:30.325 14788 TRACE] 循环读取记录 Successful!
[11:37:30.325 14788 TRACE] 开始保存数据库
[11:37:30.325 14788 TRACE] 循环读取记录 Successful!
[11:37:30.325 14788 TRACE] 开始保存数据库
[11:37:30.325 14788 TRACE] 循环读取记录 Successful!
[11:37:30.325 14788 TRACE] 开始保存数据库
[11:37:30.325 14788 TRACE] 循环读取记录 Successful!
[11:37:30.325 14788 TRACE] 开始保存数据库
[11:37:30.325 14788 TRACE] 循环读取记录 Successful!
[11:37:30.325 14788 TRACE] 开始保存数据库
[11:37:30.325 14788 TRACE] 循环读取记录 Successful!
[11:37:30.325 14788 TRACE] 开始保存数据库
[11:37:30.341 14788 TRACE] 循环读取记录 Successful!
[11:37:30.341 14788 TRACE] 开始保存数据库
[11:37:30.341 14788 TRACE] 循环读取记录 Successful!
[11:37:30.341 14788 TRACE] 开始保存数据库
[11:37:30.341 14788 TRACE] 循环读取记录 Successful!
[11:37:30.341 14788 TRACE] 开始保存数据库
[11:37:30.341 14788 TRACE] 循环读取记录 Successful!
[11:37:30.341 14788 TRACE] 开始保存数据库
[11:37:30.341 14788 TRACE] 循环读取记录 Successful!
[11:37:30.341 14788 TRACE] 开始保存数据库
[11:37:30.341 14788 TRACE] 循环读取记录 Successful!
[11:37:30.341 14788 TRACE] 开始保存数据库
[11:37:30.341 14788 TRACE] 循环读取记录 Successful!
[11:37:30.341 14788 TRACE] 开始保存数据库
[11:37:30.341 14788 TRACE] 循环读取记录 Successful!
[11:37:30.341 14788 TRACE] 开始保存数据库
[11:37:30.341 14788 TRACE] 循环读取记录 Successful!
[11:37:30.341 14788 TRACE] 开始保存数据库
[11:37:30.341 14788 TRACE] 循环读取记录 Successful!
[11:37:30.341 14788 TRACE] 开始保存数据库
[11:37:30.341 14788 TRACE] 循环读取记录 Successful!
[11:37:30.341 14788 TRACE] 开始保存数据库
[11:37:30.341 14788 TRACE] 循环读取记录 Successful!
[11:37:30.341 14788 TRACE] 开始保存数据库
[11:37:30.341 14788 TRACE] 循环读取记录 Successful!
[11:37:30.341 14788 TRACE] 开始保存数据库
[11:37:30.341 14788 TRACE] 循环读取记录 Successful!
[11:37:30.341 14788 TRACE] 开始保存数据库
[11:37:30.341 14788 TRACE] 循环读取记录 Successful!
[11:37:30.341 14788 TRACE] 开始保存数据库
[11:37:30.341 14788 TRACE] 循环读取记录 Successful!
[11:37:30.341 14788 TRACE] 开始保存数据库
[11:37:30.341 14788 TRACE] 循环读取记录 Successful!
[11:37:30.341 14788 TRACE] 开始保存数据库
[11:37:30.341 14788 TRACE] 循环读取记录 Successful!
[11:37:30.341 14788 TRACE] 开始保存数据库
[11:37:30.341 14788 TRACE] 循环读取记录 Successful!
[11:37:30.341 14788 TRACE] 开始保存数据库
[11:37:30.356 14788 TRACE] 循环读取记录 Successful!
[11:37:30.356 14788 TRACE] 开始保存数据库
[11:37:30.356 14788 TRACE] 循环读取记录 Successful!
[11:37:30.356 14788 TRACE] 开始保存数据库
[11:37:30.356 14788 TRACE] 循环读取记录 Successful!
[11:37:30.356 14788 TRACE] 开始保存数据库
[11:37:30.356 14788 TRACE] 循环读取记录 Successful!
[11:37:30.356 14788 TRACE] 开始保存数据库
[11:37:30.356 14788 TRACE] 循环读取记录 Successful!
[11:37:30.356 14788 TRACE] 开始保存数据库
[11:37:30.356 14788 TRACE] 循环读取记录 Successful!
[11:37:30.356 14788 TRACE] 开始保存数据库
[11:37:30.356 14788 TRACE] 循环读取记录 Successful!
[11:37:30.356 14788 TRACE] 开始保存数据库
[11:37:30.356 14788 TRACE] 循环读取记录 Successful!
[11:37:30.356 14788 TRACE] 开始保存数据库
[11:37:30.356 14788 TRACE] 循环读取记录 Successful!
[11:37:30.356 14788 TRACE] 开始保存数据库
[11:37:30.356 14788 TRACE] 循环读取记录 Successful!
[11:37:30.356 14788 TRACE] 开始保存数据库
[11:37:30.356 14788 TRACE] 循环读取记录 Successful!
[11:37:30.356 14788 TRACE] 开始保存数据库
[11:37:30.356 14788 TRACE] 循环读取记录 Successful!
[11:37:30.356 14788 TRACE] 开始保存数据库
[11:37:30.356 14788 TRACE] 循环读取记录 Successful!
[11:37:30.356 14788 TRACE] 开始保存数据库
[11:37:30.356 14788 TRACE] 循环读取记录 Successful!
[11:37:30.356 14788 TRACE] 开始保存数据库
[11:37:30.356 14788 TRACE] 循环读取记录 Successful!
[11:37:30.356 14788 TRACE] 开始保存数据库
[11:37:30.356 14788 TRACE] 循环读取记录 Successful!
[11:37:30.356 14788 TRACE] 开始保存数据库
[11:37:30.356 14788 TRACE] 循环读取记录 Successful!
[11:37:30.356 14788 TRACE] 开始保存数据库
[11:37:30.356 14788 TRACE] 循环读取记录 Successful!
[11:37:30.356 14788 TRACE] 开始保存数据库
[11:37:30.372 14788 TRACE] 循环读取记录 Successful!
[11:37:30.372 14788 TRACE] 开始保存数据库
[11:37:30.372 14788 TRACE] 循环读取记录 Successful!
[11:37:30.372 14788 TRACE] 开始保存数据库
[11:37:30.372 14788 TRACE] 循环读取记录 Successful!
[11:37:30.372 14788 TRACE] 开始保存数据库
[11:37:30.372 14788 TRACE] 循环读取记录 Successful!
[11:37:30.372 14788 TRACE] 开始保存数据库
[11:37:30.372 14788 TRACE] 循环读取记录 Successful!
[11:37:30.372 14788 TRACE] 开始保存数据库
[11:37:30.372 14788 TRACE] 循环读取记录 Successful!
[11:37:30.372 14788 TRACE] 开始保存数据库
[11:37:30.372 14788 TRACE] 循环读取记录 Successful!
[11:37:30.372 14788 TRACE] 开始保存数据库
[11:37:30.372 14788 TRACE] 循环读取记录 Successful!
[11:37:30.372 14788 TRACE] 开始保存数据库
[11:37:30.372 14788 TRACE] 循环读取记录 Successful!
[11:37:30.372 14788 TRACE] 开始保存数据库
[11:37:30.372 14788 TRACE] 循环读取记录 Successful!
[11:37:30.372 14788 TRACE] 开始保存数据库
[11:37:30.372 14788 TRACE] 循环读取记录 Successful!
[11:37:30.372 14788 TRACE] 开始保存数据库
[11:37:30.372 14788 TRACE] 循环读取记录 Successful!
[11:37:30.372 14788 TRACE] 开始保存数据库
[11:37:30.372 14788 TRACE] 循环读取记录 Successful!
[11:37:30.372 14788 TRACE] 开始保存数据库
[11:37:30.372 14788 TRACE] 循环读取记录 Successful!
[11:37:30.372 14788 TRACE] 开始保存数据库
[11:37:30.372 14788 TRACE] 循环读取记录 Successful!
[11:37:30.372 14788 TRACE] 开始保存数据库
[11:37:30.372 14788 TRACE] 循环读取记录 Successful!
[11:37:30.372 14788 TRACE] 开始保存数据库
[11:37:30.388 14788 TRACE] 循环读取记录 Successful!
[11:37:30.388 14788 TRACE] 开始保存数据库
[11:37:30.388 14788 TRACE] 循环读取记录 Successful!
[11:37:30.388 14788 TRACE] 开始保存数据库
[11:37:30.388 14788 TRACE] 循环读取记录 Successful!
[11:37:30.388 14788 TRACE] 开始保存数据库
[11:37:30.388 14788 TRACE] 循环读取记录 Successful!
[11:37:30.388 14788 TRACE] 开始保存数据库
[11:37:30.388 14788 TRACE] 循环读取记录 Successful!
[11:37:30.388 14788 TRACE] 开始保存数据库
[11:37:30.388 14788 TRACE] 循环读取记录 Successful!
[11:37:30.388 14788 TRACE] 开始保存数据库
[11:37:30.388 14788 TRACE] 循环读取记录 Successful!
[11:37:30.388 14788 TRACE] 开始保存数据库
[11:37:30.388 14788 TRACE] 循环读取记录 Successful!
[11:37:30.388 14788 TRACE] 开始保存数据库
[11:37:30.388 14788 TRACE] 循环读取记录 Successful!
[11:37:30.388 14788 TRACE] 开始保存数据库
[11:37:30.388 14788 TRACE] 循环读取记录 Successful!
[11:37:30.388 14788 TRACE] 开始保存数据库
[11:37:30.388 14788 TRACE] 循环读取记录 Successful!
[11:37:30.388 14788 TRACE] 开始保存数据库
[11:37:30.388 14788 TRACE] 循环读取记录 Successful!
[11:37:30.388 14788 TRACE] 开始保存数据库
[11:37:30.388 14788 TRACE] 循环读取记录 Successful!
[11:37:30.388 14788 TRACE] 开始保存数据库
[11:37:30.388 14788 TRACE] 循环读取记录 Successful!
[11:37:30.388 14788 TRACE] 开始保存数据库
[11:37:30.388 14788 TRACE] 循环读取记录 Successful!
[11:37:30.388 14788 TRACE] 开始保存数据库
[11:37:30.388 14788 TRACE] 循环读取记录 Successful!
[11:37:30.388 14788 TRACE] 开始保存数据库
[11:37:30.403 14788 TRACE] 循环读取记录 Successful!
[11:37:30.403 14788 TRACE] 开始保存数据库
[11:37:30.403 14788 TRACE] 循环读取记录 Successful!
[11:37:30.403 14788 TRACE] 开始保存数据库
[11:37:30.403 14788 TRACE] 循环读取记录 Successful!
[11:37:30.403 14788 TRACE] 开始保存数据库
[11:37:30.403 14788 TRACE] 循环读取记录 Successful!
[11:37:30.403 14788 TRACE] 开始保存数据库
[11:37:30.403 14788 TRACE] 循环读取记录 Successful!
[11:37:30.403 14788 TRACE] 开始保存数据库
[11:37:30.403 14788 TRACE] 循环读取记录 Successful!
[11:37:30.403 14788 TRACE] 开始保存数据库
[11:37:30.403 14788 TRACE] 循环读取记录 Successful!
[11:37:30.403 14788 TRACE] 开始保存数据库
[11:37:30.403 14788 TRACE] 循环读取记录 Successful!
[11:37:30.403 14788 TRACE] 开始保存数据库
[11:37:30.403 14788 TRACE] 循环读取记录 Successful!
[11:37:30.403 14788 TRACE] 开始保存数据库
[11:37:30.403 14788 TRACE] 循环读取记录 Successful!
[11:37:30.403 14788 TRACE] 开始保存数据库
[11:37:30.403 14788 TRACE] 循环读取记录 Successful!
[11:37:30.403 14788 TRACE] 开始保存数据库
[11:37:30.403 14788 TRACE] 循环读取记录 Successful!
[11:37:30.403 14788 TRACE] 开始保存数据库
[11:37:30.403 14788 TRACE] 循环读取记录 Successful!
[11:37:30.403 14788 TRACE] 开始保存数据库
[11:37:30.403 14788 TRACE] 循环读取记录 Successful!
[11:37:30.403 14788 TRACE] 开始保存数据库
[11:37:30.403 14788 TRACE] 循环读取记录 Successful!
[11:37:30.403 14788 TRACE] 开始保存数据库
[11:37:30.403 14788 TRACE] 循环读取记录 Successful!
[11:37:30.403 14788 TRACE] 开始保存数据库
[11:37:30.403 14788 TRACE] 循环读取记录 Successful!
[11:37:30.403 14788 TRACE] 开始保存数据库
[11:37:30.419 14788 TRACE] 循环读取记录 Successful!
[11:37:30.419 14788 TRACE] 开始保存数据库
[11:37:30.419 14788 TRACE] 循环读取记录 Successful!
[11:37:30.419 14788 TRACE] 开始保存数据库
[11:37:30.419 14788 TRACE] 循环读取记录 Successful!
[11:37:30.419 14788 TRACE] 开始保存数据库
[11:37:30.419 14788 TRACE] 循环读取记录 Successful!
[11:37:30.419 14788 TRACE] 开始保存数据库
[11:37:30.419 14788 TRACE] 循环读取记录 Successful!
[11:37:30.419 14788 TRACE] 开始保存数据库
[11:37:30.419 14788 TRACE] 循环读取记录 Successful!
[11:37:30.419 14788 TRACE] 开始保存数据库
[11:37:30.419 14788 TRACE] 循环读取记录 Successful!
[11:37:30.419 14788 TRACE] 开始保存数据库
[11:37:30.419 14788 TRACE] 循环读取记录 Successful!
[11:37:30.419 14788 TRACE] 开始保存数据库
[11:37:30.419 14788 TRACE] 循环读取记录 Successful!
[11:37:30.419 14788 TRACE] 开始保存数据库
[11:37:30.419 14788 TRACE] 循环读取记录 Successful!
[11:37:30.419 14788 TRACE] 开始保存数据库
[11:37:30.419 14788 TRACE] 循环读取记录 Successful!
[11:37:30.419 14788 TRACE] 开始保存数据库
[11:37:30.419 14788 TRACE] 循环读取记录 Successful!
[11:37:30.419 14788 TRACE] 开始保存数据库
[11:37:30.419 14788 TRACE] 循环读取记录 Successful!
[11:37:30.419 14788 TRACE] 开始保存数据库
[11:37:30.419 14788 TRACE] 循环读取记录 Successful!
[11:37:30.419 14788 TRACE] 开始保存数据库
[11:37:30.419 14788 TRACE] 循环读取记录 Successful!
[11:37:30.419 14788 TRACE] 开始保存数据库
[11:37:30.419 14788 TRACE] 循环读取记录 Successful!
[11:37:30.419 14788 TRACE] 开始保存数据库
[11:37:30.419 14788 TRACE] 循环读取记录 Successful!
[11:37:30.419 14788 TRACE] 开始保存数据库
[11:37:30.435 14788 TRACE] 循环读取记录 Successful!
[11:37:30.435 14788 TRACE] 开始保存数据库
[11:37:30.435 14788 TRACE] 循环读取记录 Successful!
[11:37:30.435 14788 TRACE] 开始保存数据库
[11:37:30.435 14788 TRACE] 循环读取记录 Successful!
[11:37:30.435 14788 TRACE] 开始保存数据库
[11:37:30.435 14788 TRACE] 循环读取记录 Successful!
[11:37:30.435 14788 TRACE] 开始保存数据库
[11:37:30.435 14788 TRACE] 循环读取记录 Successful!
[11:37:30.435 14788 TRACE] 开始保存数据库
[11:37:30.435 14788 TRACE] 循环读取记录 Successful!
[11:37:30.435 14788 TRACE] 开始保存数据库
[11:37:30.435 14788 TRACE] 循环读取记录 Successful!
[11:37:30.435 14788 TRACE] 开始保存数据库
[11:37:30.435 14788 TRACE] 循环读取记录 Successful!
[11:37:30.435 14788 TRACE] 开始保存数据库
[11:37:30.435 14788 TRACE] 循环读取记录 Successful!
[11:37:30.435 14788 TRACE] 开始保存数据库
[11:37:30.435 14788 TRACE] 循环读取记录 Successful!
[11:37:30.435 14788 TRACE] 开始保存数据库
[11:37:30.435 14788 TRACE] 循环读取记录 Successful!
[11:37:30.435 14788 TRACE] 开始保存数据库
[11:37:30.435 14788 TRACE] 循环读取记录 Successful!
[11:37:30.435 14788 TRACE] 开始保存数据库
[11:37:30.435 14788 TRACE] 循环读取记录 Successful!
[11:37:30.435 14788 TRACE] 开始保存数据库
[11:37:30.435 14788 TRACE] 循环读取记录 Successful!
[11:37:30.435 14788 TRACE] 开始保存数据库
[11:37:30.435 14788 TRACE] 循环读取记录 Successful!
[11:37:30.435 14788 TRACE] 开始保存数据库
[11:37:30.435 14788 TRACE] 循环读取记录 Successful!
[11:37:30.435 14788 TRACE] 开始保存数据库
[11:37:30.435 14788 TRACE] 循环读取记录 Successful!
[11:37:30.435 14788 TRACE] 开始保存数据库
[11:37:30.450 14788 TRACE] 循环读取记录 Successful!
[11:37:30.450 14788 TRACE] 开始保存数据库
[11:37:30.450 14788 TRACE] 循环读取记录 Successful!
[11:37:30.450 14788 TRACE] 开始保存数据库
[11:37:30.450 14788 TRACE] 循环读取记录 Successful!
[11:37:30.450 14788 TRACE] 开始保存数据库
[11:37:30.450 14788 TRACE] 循环读取记录 Successful!
[11:37:30.450 14788 TRACE] 开始保存数据库
[11:37:30.450 14788 TRACE] 循环读取记录 Successful!
[11:37:30.450 14788 TRACE] 开始保存数据库
[11:37:30.450 14788 TRACE] 循环读取记录 Successful!
[11:37:30.450 14788 TRACE] 开始保存数据库
[11:37:30.450 14788 TRACE] 循环读取记录 Successful!
[11:37:30.450 14788 TRACE] 开始保存数据库
[11:37:30.450 14788 TRACE] 循环读取记录 Successful!
[11:37:30.450 14788 TRACE] 开始保存数据库
[11:37:30.450 14788 TRACE] 循环读取记录 Successful!
[11:37:30.450 14788 TRACE] 开始保存数据库
[11:37:30.450 14788 TRACE] 循环读取记录 Successful!
[11:37:30.450 14788 TRACE] 开始保存数据库
[11:37:30.450 14788 TRACE] 循环读取记录 Successful!
[11:37:30.450 14788 TRACE] 开始保存数据库
[11:37:30.450 14788 TRACE] 循环读取记录 Successful!
[11:37:30.450 14788 TRACE] 开始保存数据库
[11:37:30.450 14788 TRACE] 循环读取记录 Successful!
[11:37:30.450 14788 TRACE] 开始保存数据库
[11:37:30.450 14788 TRACE] 循环读取记录 Successful!
[11:37:30.450 14788 TRACE] 开始保存数据库
[11:37:30.450 14788 TRACE] 循环读取记录 Successful!
[11:37:30.450 14788 TRACE] 开始保存数据库
[11:37:30.450 14788 TRACE] 循环读取记录 Successful!
[11:37:30.450 14788 TRACE] 开始保存数据库
[11:37:30.466 14788 TRACE] 循环读取记录 Successful!
[11:37:30.466 14788 TRACE] 开始保存数据库
[11:37:30.466 14788 TRACE] 循环读取记录 Successful!
[11:37:30.466 14788 TRACE] 开始保存数据库
[11:37:30.466 14788 TRACE] 循环读取记录 Successful!
[11:37:30.466 14788 TRACE] 开始保存数据库
[11:37:30.466 14788 TRACE] 循环读取记录 Successful!
[11:37:30.466 14788 TRACE] 开始保存数据库
[11:37:30.466 14788 TRACE] 循环读取记录 Successful!
[11:37:30.466 14788 TRACE] 开始保存数据库
[11:37:30.466 14788 TRACE] 循环读取记录 Successful!
[11:37:30.466 14788 TRACE] 开始保存数据库
[11:37:30.466 14788 TRACE] 循环读取记录 Successful!
[11:37:30.466 14788 TRACE] 开始保存数据库
[11:37:30.466 14788 TRACE] 循环读取记录 Successful!
[11:37:30.466 14788 TRACE] 开始保存数据库
[11:37:30.466 14788 TRACE] 循环读取记录 Successful!
[11:37:30.466 14788 TRACE] 开始保存数据库
[11:37:30.466 14788 TRACE] 循环读取记录 Successful!
[11:37:30.466 14788 TRACE] 开始保存数据库
[11:37:30.466 14788 TRACE] 循环读取记录 Successful!
[11:37:30.466 14788 TRACE] 开始保存数据库
[11:37:30.466 14788 TRACE] 循环读取记录 Successful!
[11:37:30.466 14788 TRACE] 开始保存数据库
[11:37:30.466 14788 TRACE] 循环读取记录 Successful!
[11:37:30.466 14788 TRACE] 开始保存数据库
[11:37:30.466 14788 TRACE] 循环读取记录 Successful!
[11:37:30.466 14788 TRACE] 开始保存数据库
[11:37:30.466 14788 TRACE] 循环读取记录 Successful!
[11:37:30.466 14788 TRACE] 开始保存数据库
[11:37:30.466 14788 TRACE] 循环读取记录 Successful!
[11:37:30.466 14788 TRACE] 开始保存数据库
[11:37:30.466 14788 TRACE] 循环读取记录 Successful!
[11:37:30.466 14788 TRACE] 开始保存数据库
[11:37:30.481 14788 TRACE] 循环读取记录 Successful!
[11:37:30.481 14788 TRACE] 开始保存数据库
[11:37:30.481 14788 TRACE] 循环读取记录 Successful!
[11:37:30.481 14788 TRACE] 开始保存数据库
[11:37:30.481 14788 TRACE] 循环读取记录 Successful!
[11:37:30.481 14788 TRACE] 开始保存数据库
[11:37:30.481 14788 TRACE] 循环读取记录 Successful!
[11:37:30.481 14788 TRACE] 开始保存数据库
[11:37:30.481 14788 TRACE] 循环读取记录 Successful!
[11:37:30.481 14788 TRACE] 开始保存数据库
[11:37:30.481 14788 TRACE] 循环读取记录 Successful!
[11:37:30.481 14788 TRACE] 开始保存数据库
[11:37:30.481 14788 TRACE] 循环读取记录 Successful!
[11:37:30.481 14788 TRACE] 开始保存数据库
[11:37:30.481 14788 TRACE] 循环读取记录 Successful!
[11:37:30.481 14788 TRACE] 开始保存数据库
[11:37:30.481 14788 TRACE] 循环读取记录 End of data
[11:37:30.481 14788 TRACE] 读取结束
